::1 - - [18/Jun/2022:21:28:54 +0000] "GET /example HTTP/1.1" 200 12 "-" "Mozilla/5.0 (Windows NT 10.0; Win64; x64) AppleWebKit/537.36 (KHTML, like Gecko) Chrome/102.0.5005.124 Safari/537.36 Edg/102.0.1245.41"
::1 - - [18/Jun/2022:21:28:54 +0000] "GET /favicon.ico HTTP/1.1" 404 150 "http://localhost:2000/example" "Mozilla/5.0 (Windows NT 10.0; Win64; x64) AppleWebKit/537.36 (KHTML, like Gecko) Chrome/102.0.5005.124 Safari/537.36 Edg/102.0.1245.41"
::1 - - [18/Jun/2022:21:28:59 +0000] "GET /example HTTP/1.1" 304 - "-" "Mozilla/5.0 (Windows NT 10.0; Win64; x64) AppleWebKit/537.36 (KHTML, like Gecko) Chrome/102.0.5005.124 Safari/537.36 Edg/102.0.1245.41"
::1 - - [18/Jun/2022:21:29:00 +0000] "GET /example HTTP/1.1" 304 - "-" "Mozilla/5.0 (Windows NT 10.0; Win64; x64) AppleWebKit/537.36 (KHTML, like Gecko) Chrome/102.0.5005.124 Safari/537.36 Edg/102.0.1245.41"
::1 - - [18/Jun/2022:21:29:00 +0000] "GET /example HTTP/1.1" 304 - "-" "Mozilla/5.0 (Windows NT 10.0; Win64; x64) AppleWebKit/537.36 (KHTML, like Gecko) Chrome/102.0.5005.124 Safari/537.36 Edg/102.0.1245.41"
::1 - - [18/Jun/2022:21:29:00 +0000] "GET /example HTTP/1.1" 304 - "-" "Mozilla/5.0 (Windows NT 10.0; Win64; x64) AppleWebKit/537.36 (KHTML, like Gecko) Chrome/102.0.5005.124 Safari/537.36 Edg/102.0.1245.41"
::1 - - [18/Jun/2022:21:29:00 +0000] "GET /example HTTP/1.1" 304 - "-" "Mozilla/5.0 (Windows NT 10.0; Win64; x64) AppleWebKit/537.36 (KHTML, like Gecko) Chrome/102.0.5005.124 Safari/537.36 Edg/102.0.1245.41"
::1 - - [18/Jun/2022:21:29:00 +0000] "GET /example HTTP/1.1" 304 - "-" "Mozilla/5.0 (Windows NT 10.0; Win64; x64) AppleWebKit/537.36 (KHTML, like Gecko) Chrome/102.0.5005.124 Safari/537.36 Edg/102.0.1245.41"
::1 - - [18/Jun/2022:21:29:01 +0000] "GET /example HTTP/1.1" 304 - "-" "Mozilla/5.0 (Windows NT 10.0; Win64; x64) AppleWebKit/537.36 (KHTML, like Gecko) Chrome/102.0.5005.124 Safari/537.36 Edg/102.0.1245.41"
::1 - - [18/Jun/2022:21:29:01 +0000] "GET /example HTTP/1.1" 304 - "-" "Mozilla/5.0 (Windows NT 10.0; Win64; x64) AppleWebKit/537.36 (KHTML, like Gecko) Chrome/102.0.5005.124 Safari/537.36 Edg/102.0.1245.41"
::1 - - [18/Jun/2022:21:29:01 +0000] "GET /example HTTP/1.1" 304 - "-" "Mozilla/5.0 (Windows NT 10.0; Win64; x64) AppleWebKit/537.36 (KHTML, like Gecko) Chrome/102.0.5005.124 Safari/537.36 Edg/102.0.1245.41"
::1 - - [18/Jun/2022:21:29:01 +0000] "GET /example HTTP/1.1" 304 - "-" "Mozilla/5.0 (Windows NT 10.0; Win64; x64) AppleWebKit/537.36 (KHTML, like Gecko) Chrome/102.0.5005.124 Safari/537.36 Edg/102.0.1245.41"
::1 - - [18/Jun/2022:21:29:01 +0000] "GET /example HTTP/1.1" 304 - "-" "Mozilla/5.0 (Windows NT 10.0; Win64; x64) AppleWebKit/537.36 (KHTML, like Gecko) Chrome/102.0.5005.124 Safari/537.36 Edg/102.0.1245.41"
::1 - - [18/Jun/2022:21:29:01 +0000] "GET /example HTTP/1.1" 304 - "-" "Mozilla/5.0 (Windows NT 10.0; Win64; x64) AppleWebKit/537.36 (KHTML, like Gecko) Chrome/102.0.5005.124 Safari/537.36 Edg/102.0.1245.41"
::1 - - [18/Jun/2022:21:39:15 +0000] "GET /coin HTTP/1.1" 500 1589 "-" "Mozilla/5.0 (Windows NT 10.0; Win64; x64) AppleWebKit/537.36 (KHTML, like Gecko) Chrome/102.0.5005.124 Safari/537.36 Edg/102.0.1245.41"
::1 - - [18/Jun/2022:21:39:37 +0000] "GET /coin HTTP/1.1" 500 1592 "-" "Mozilla/5.0 (Windows NT 10.0; Win64; x64) AppleWebKit/537.36 (KHTML, like Gecko) Chrome/102.0.5005.124 Safari/537.36 Edg/102.0.1245.41"
::1 - - [18/Jun/2022:21:39:47 +0000] "GET /coin HTTP/1.1" 200 1474 "-" "Mozilla/5.0 (Windows NT 10.0; Win64; x64) AppleWebKit/537.36 (KHTML, like Gecko) Chrome/102.0.5005.124 Safari/537.36 Edg/102.0.1245.41"
::1 - - [18/Jun/2022:21:42:32 +0000] "GET /coin HTTP/1.1" 200 822 "-" "Mozilla/5.0 (Windows NT 10.0; Win64; x64) AppleWebKit/537.36 (KHTML, like Gecko) Chrome/102.0.5005.124 Safari/537.36 Edg/102.0.1245.41"
::1 - - [18/Jun/2022:21:42:51 +0000] "GET /coin HTTP/1.1" 200 1209 "-" "Mozilla/5.0 (Windows NT 10.0; Win64; x64) AppleWebKit/537.36 (KHTML, like Gecko) Chrome/102.0.5005.124 Safari/537.36 Edg/102.0.1245.41"
::1 - - [18/Jun/2022:21:43:22 +0000] "GET /coin HTTP/1.1" - - "-" "Mozilla/5.0 (Windows NT 10.0; Win64; x64) AppleWebKit/537.36 (KHTML, like Gecko) Chrome/102.0.5005.124 Safari/537.36 Edg/102.0.1245.41"
::1 - - [18/Jun/2022:21:43:23 +0000] "GET /coin HTTP/1.1" 200 1717 "-" "Mozilla/5.0 (Windows NT 10.0; Win64; x64) AppleWebKit/537.36 (KHTML, like Gecko) Chrome/102.0.5005.124 Safari/537.36 Edg/102.0.1245.41"
::1 - - [18/Jun/2022:21:43:47 +0000] "GET /coin HTTP/1.1" 200 1188 "-" "Mozilla/5.0 (Windows NT 10.0; Win64; x64) AppleWebKit/537.36 (KHTML, like Gecko) Chrome/102.0.5005.124 Safari/537.36 Edg/102.0.1245.41"
::1 - - [18/Jun/2022:21:46:04 +0000] "GET /coin HTTP/1.1" 200 2220 "-" "Mozilla/5.0 (Windows NT 10.0; Win64; x64) AppleWebKit/537.36 (KHTML, like Gecko) Chrome/102.0.5005.124 Safari/537.36 Edg/102.0.1245.41"
::1 - - [18/Jun/2022:21:46:14 +0000] "GET /coin HTTP/1.1" 200 970 "-" "Mozilla/5.0 (Windows NT 10.0; Win64; x64) AppleWebKit/537.36 (KHTML, like Gecko) Chrome/102.0.5005.124 Safari/537.36 Edg/102.0.1245.41"
::1 - - [18/Jun/2022:21:46:44 +0000] "GET /coin HTTP/1.1" 200 662 "-" "Mozilla/5.0 (Windows NT 10.0; Win64; x64) AppleWebKit/537.36 (KHTML, like Gecko) Chrome/102.0.5005.124 Safari/537.36 Edg/102.0.1245.41"
::1 - - [18/Jun/2022:22:15:11 +0000] "GET /socket.io/?EIO=4&transport=polling&t=O5uucB7 HTTP/1.1" 404 149 "http://localhost:3000/" "Mozilla/5.0 (Windows NT 10.0; Win64; x64) AppleWebKit/537.36 (KHTML, like Gecko) Chrome/102.0.5005.124 Safari/537.36 Edg/102.0.1245.41"
::1 - - [18/Jun/2022:22:15:11 +0000] "GET /socket.io/?EIO=4&transport=polling&t=O5uucBC HTTP/1.1" 404 149 "http://localhost:3000/" "Mozilla/5.0 (Windows NT 10.0; Win64; x64) AppleWebKit/537.36 (KHTML, like Gecko) Chrome/102.0.5005.124 Safari/537.36 Edg/102.0.1245.41"
::1 - - [18/Jun/2022:22:15:11 +0000] "GET /socket.io/?EIO=4&transport=polling&t=O5uucBD HTTP/1.1" 404 149 "http://localhost:3000/" "Mozilla/5.0 (Windows NT 10.0; Win64; x64) AppleWebKit/537.36 (KHTML, like Gecko) Chrome/102.0.5005.124 Safari/537.36 Edg/102.0.1245.41"
::1 - - [18/Jun/2022:22:15:11 +0000] "GET /socket.io/?EIO=4&transport=polling&t=O5uucBE HTTP/1.1" 404 149 "http://localhost:3000/" "Mozilla/5.0 (Windows NT 10.0; Win64; x64) AppleWebKit/537.36 (KHTML, like Gecko) Chrome/102.0.5005.124 Safari/537.36 Edg/102.0.1245.41"
::1 - - [18/Jun/2022:22:15:11 +0000] "GET /socket.io/?EIO=4&transport=polling&t=O5uucBF HTTP/1.1" 404 149 "http://localhost:3000/" "Mozilla/5.0 (Windows NT 10.0; Win64; x64) AppleWebKit/537.36 (KHTML, like Gecko) Chrome/102.0.5005.124 Safari/537.36 Edg/102.0.1245.41"
::1 - - [18/Jun/2022:22:15:11 +0000] "GET /socket.io/?EIO=4&transport=polling&t=O5uucBG HTTP/1.1" 404 149 "http://localhost:3000/" "Mozilla/5.0 (Windows NT 10.0; Win64; x64) AppleWebKit/537.36 (KHTML, like Gecko) Chrome/102.0.5005.124 Safari/537.36 Edg/102.0.1245.41"
::ffff:127.0.0.1 - - [18/Jun/2022:22:15:38 +0000] "GET /socket.io/?EIO=4&transport=polling&t=O5uuiXH HTTP/1.1" 404 149 "http://localhost:3000/" "Mozilla/5.0 (Windows NT 10.0; Win64; x64) AppleWebKit/537.36 (KHTML, like Gecko) Chrome/102.0.5005.124 Safari/537.36 Edg/102.0.1245.41"
::ffff:127.0.0.1 - - [18/Jun/2022:22:15:38 +0000] "GET /socket.io/?EIO=4&transport=polling&t=O5uuiXM HTTP/1.1" 404 149 "http://localhost:3000/" "Mozilla/5.0 (Windows NT 10.0; Win64; x64) AppleWebKit/537.36 (KHTML, like Gecko) Chrome/102.0.5005.124 Safari/537.36 Edg/102.0.1245.41"
::ffff:127.0.0.1 - - [18/Jun/2022:22:15:38 +0000] "GET /socket.io/?EIO=4&transport=polling&t=O5uuiXP HTTP/1.1" 404 149 "http://localhost:3000/" "Mozilla/5.0 (Windows NT 10.0; Win64; x64) AppleWebKit/537.36 (KHTML, like Gecko) Chrome/102.0.5005.124 Safari/537.36 Edg/102.0.1245.41"
::ffff:127.0.0.1 - - [18/Jun/2022:22:15:38 +0000] "GET /socket.io/?EIO=4&transport=polling&t=O5uuiXO HTTP/1.1" 404 149 "http://localhost:3000/" "Mozilla/5.0 (Windows NT 10.0; Win64; x64) AppleWebKit/537.36 (KHTML, like Gecko) Chrome/102.0.5005.124 Safari/537.36 Edg/102.0.1245.41"
::ffff:127.0.0.1 - - [18/Jun/2022:22:15:38 +0000] "GET /socket.io/?EIO=4&transport=polling&t=O5uuiXN HTTP/1.1" 404 149 "http://localhost:3000/" "Mozilla/5.0 (Windows NT 10.0; Win64; x64) AppleWebKit/537.36 (KHTML, like Gecko) Chrome/102.0.5005.124 Safari/537.36 Edg/102.0.1245.41"
::ffff:127.0.0.1 - - [18/Jun/2022:22:15:38 +0000] "GET /socket.io/?EIO=4&transport=polling&t=O5uuiXQ HTTP/1.1" 404 149 "http://localhost:3000/" "Mozilla/5.0 (Windows NT 10.0; Win64; x64) AppleWebKit/537.36 (KHTML, like Gecko) Chrome/102.0.5005.124 Safari/537.36 Edg/102.0.1245.41"
